<?xml version="1.0" encoding="UTF-8"?>
<!-- Generated by org.testng.reporters.JUnitReportReporter -->
<testsuite hostname="home-laptop" failures="0" tests="4" name="com.boldsignapi.tests.ContactApiTests" time="7.149" errors="0" timestamp="2024-07-06T15:23:24 IST" skipped="0">
  <testcase classname="com.boldsignapi.tests.ContactApiTests" name="createContactsTests" time="4.716"/>
  <testcase classname="com.boldsignapi.tests.ContactApiTests" name="fetchContactTest" time="0.517"/>
  <testcase classname="com.boldsignapi.tests.ContactApiTests" name="updateContactTest" time="1.402"/>
  <testcase classname="com.boldsignapi.tests.ContactApiTests" name="deleteContactTest" time="0.514"/>
</testsuite> <!-- com.boldsignapi.tests.ContactApiTests -->
